2002.05.13 12:04 B C:\200102\BITMAP2000.2001\BMVA_000\BMVA_www\vision\images\applications_00.gif --> maxx.cs.bris.ac.uk /home/staff/dalton/public_html/vision/images applications_00.gif
2002.05.13 12:04 B C:\200102\BITMAP2000.2001\BMVA_000\BMVA_www\vision\images\applications_01.gif --> maxx.cs.bris.ac.uk /home/staff/dalton/public_html/vision/images applications_01.gif
2002.05.13 12:04 B C:\200102\BITMAP2000.2001\BMVA_000\BMVA_www\vision\images\applications_02.gif --> maxx.cs.bris.ac.uk /home/staff/dalton/public_html/vision/images applications_02.gif
2002.05.13 12:04 B C:\200102\BITMAP2000.2001\BMVA_000\BMVA_www\vision\images\associations_00.gif --> maxx.cs.bris.ac.uk /home/staff/dalton/public_html/vision/images associations_00.gif
2002.05.13 12:04 B C:\200102\BITMAP2000.2001\BMVA_000\BMVA_www\vision\images\associations_01.gif --> maxx.cs.bris.ac.uk /home/staff/dalton/public_html/vision/images associations_01.gif
2002.05.13 12:04 B C:\200102\BITMAP2000.2001\BMVA_000\BMVA_www\vision\images\associations_02.gif --> maxx.cs.bris.ac.uk /home/staff/dalton/public_html/vision/images associations_02.gif
2002.05.13 12:04 B C:\200102\BITMAP2000.2001\BMVA_000\BMVA_www\vision\images\blnk_00.gif --> maxx.cs.bris.ac.uk /home/staff/dalton/public_html/vision/images blnk_00.gif
2002.05.13 12:04 B C:\200102\BITMAP2000.2001\BMVA_000\BMVA_www\vision\images\bmva_00.gif --> maxx.cs.bris.ac.uk /home/staff/dalton/public_html/vision/images bmva_00.gif
2002.05.13 12:04 B C:\200102\BITMAP2000.2001\BMVA_000\BMVA_www\vision\images\books_00.gif --> maxx.cs.bris.ac.uk /home/staff/dalton/public_html/vision/images books_00.gif
2002.05.13 12:04 B C:\200102\BITMAP2000.2001\BMVA_000\BMVA_www\vision\images\books_01.gif --> maxx.cs.bris.ac.uk /home/staff/dalton/public_html/vision/images books_01.gif
2002.05.13 12:04 B C:\200102\BITMAP2000.2001\BMVA_000\BMVA_www\vision\images\books_02.gif --> maxx.cs.bris.ac.uk /home/staff/dalton/public_html/vision/images books_02.gif
2002.05.13 12:04 B C:\200102\BITMAP2000.2001\BMVA_000\BMVA_www\vision\images\career_00.gif --> maxx.cs.bris.ac.uk /home/staff/dalton/public_html/vision/images career_00.gif
2002.05.13 12:04 B C:\200102\BITMAP2000.2001\BMVA_000\BMVA_www\vision\images\career_01.gif --> maxx.cs.bris.ac.uk /home/staff/dalton/public_html/vision/images career_01.gif
2002.05.13 12:04 B C:\200102\BITMAP2000.2001\BMVA_000\BMVA_www\vision\images\career_02.gif --> maxx.cs.bris.ac.uk /home/staff/dalton/public_html/vision/images career_02.gif
2002.05.13 12:04 B C:\200102\BITMAP2000.2001\BMVA_000\BMVA_www\vision\images\h_application.gif --> maxx.cs.bris.ac.uk /home/staff/dalton/public_html/vision/images h_application.gif
2002.05.13 12:04 B C:\200102\BITMAP2000.2001\BMVA_000\BMVA_www\vision\images\h_association.gif --> maxx.cs.bris.ac.uk /home/staff/dalton/public_html/vision/images h_association.gif
2002.05.13 12:04 B C:\200102\BITMAP2000.2001\BMVA_000\BMVA_www\vision\images\h_books.gif --> maxx.cs.bris.ac.uk /home/staff/dalton/public_html/vision/images h_books.gif
2002.05.13 12:04 B C:\200102\BITMAP2000.2001\BMVA_000\BMVA_www\vision\images\h_career.gif --> maxx.cs.bris.ac.uk /home/staff/dalton/public_html/vision/images h_career.gif
2002.05.13 12:04 B C:\200102\BITMAP2000.2001\BMVA_000\BMVA_www\vision\images\h_postgraduate.gif --> maxx.cs.bris.ac.uk /home/staff/dalton/public_html/vision/images h_postgraduate.gif
2002.05.13 12:04 B C:\200102\BITMAP2000.2001\BMVA_000\BMVA_www\vision\images\h_vision.gif --> maxx.cs.bris.ac.uk /home/staff/dalton/public_html/vision/images h_vision.gif
2002.05.13 12:04 B C:\200102\BITMAP2000.2001\BMVA_000\BMVA_www\vision\images\home_00.gif --> maxx.cs.bris.ac.uk /home/staff/dalton/public_html/vision/images home_00.gif
2002.05.13 12:04 B C:\200102\BITMAP2000.2001\BMVA_000\BMVA_www\vision\images\home_01.gif --> maxx.cs.bris.ac.uk /home/staff/dalton/public_html/vision/images home_01.gif
2002.05.13 12:04 B C:\200102\BITMAP2000.2001\BMVA_000\BMVA_www\vision\images\home_02.gif --> maxx.cs.bris.ac.uk /home/staff/dalton/public_html/vision/images home_02.gif
2002.05.13 12:04 B C:\200102\BITMAP2000.2001\BMVA_000\BMVA_www\vision\images\img_00.gif --> maxx.cs.bris.ac.uk /home/staff/dalton/public_html/vision/images img_00.gif
2002.05.13 12:04 B C:\200102\BITMAP2000.2001\BMVA_000\BMVA_www\vision\images\img_01.gif --> maxx.cs.bris.ac.uk /home/staff/dalton/public_html/vision/images img_01.gif
2002.05.13 12:04 B C:\200102\BITMAP2000.2001\BMVA_000\BMVA_www\vision\images\index_00.gif --> maxx.cs.bris.ac.uk /home/staff/dalton/public_html/vision/images index_00.gif
2002.05.13 12:04 B C:\200102\BITMAP2000.2001\BMVA_000\BMVA_www\vision\images\index_01.gif --> maxx.cs.bris.ac.uk /home/staff/dalton/public_html/vision/images index_01.gif
2002.05.13 12:04 B C:\200102\BITMAP2000.2001\BMVA_000\BMVA_www\vision\images\next_00.gif --> maxx.cs.bris.ac.uk /home/staff/dalton/public_html/vision/images next_00.gif
2002.05.13 12:04 B C:\200102\BITMAP2000.2001\BMVA_000\BMVA_www\vision\images\next_01.gif --> maxx.cs.bris.ac.uk /home/staff/dalton/public_html/vision/images next_01.gif
2002.05.13 12:04 B C:\200102\BITMAP2000.2001\BMVA_000\BMVA_www\vision\images\postgraduate_00.gif --> maxx.cs.bris.ac.uk /home/staff/dalton/public_html/vision/images postgraduate_00.gif
2002.05.13 12:04 B C:\200102\BITMAP2000.2001\BMVA_000\BMVA_www\vision\images\postgraduate_01.gif --> maxx.cs.bris.ac.uk /home/staff/dalton/public_html/vision/images postgraduate_01.gif
2002.05.13 12:04 B C:\200102\BITMAP2000.2001\BMVA_000\BMVA_www\vision\images\postgraduate_02.gif --> maxx.cs.bris.ac.uk /home/staff/dalton/public_html/vision/images postgraduate_02.gif
2002.05.13 12:04 B C:\200102\BITMAP2000.2001\BMVA_000\BMVA_www\vision\images\spacer.gif --> maxx.cs.bris.ac.uk /home/staff/dalton/public_html/vision/images spacer.gif
2002.05.13 12:04 B C:\200102\BITMAP2000.2001\BMVA_000\BMVA_www\vision\images\vision_00.gif --> maxx.cs.bris.ac.uk /home/staff/dalton/public_html/vision/images vision_00.gif
2002.05.13 12:04 B C:\200102\BITMAP2000.2001\BMVA_000\BMVA_www\vision\images\vision_000.gif --> maxx.cs.bris.ac.uk /home/staff/dalton/public_html/vision/images vision_000.gif
2002.05.13 12:04 B C:\200102\BITMAP2000.2001\BMVA_000\BMVA_www\vision\images\vision_001.gif --> maxx.cs.bris.ac.uk /home/staff/dalton/public_html/vision/images vision_001.gif
2002.05.13 12:04 B C:\200102\BITMAP2000.2001\BMVA_000\BMVA_www\vision\images\vision_002.gif --> maxx.cs.bris.ac.uk /home/staff/dalton/public_html/vision/images vision_002.gif
2002.05.13 12:04 B C:\200102\BITMAP2000.2001\BMVA_000\BMVA_www\vision\images\vision_003.gif --> maxx.cs.bris.ac.uk /home/staff/dalton/public_html/vision/images vision_003.gif
2002.05.13 12:04 B C:\200102\BITMAP2000.2001\BMVA_000\BMVA_www\vision\images\vision_01.gif --> maxx.cs.bris.ac.uk /home/staff/dalton/public_html/vision/images vision_01.gif
2002.05.13 12:04 B C:\200102\BITMAP2000.2001\BMVA_000\BMVA_www\vision\images\vision_02.gif --> maxx.cs.bris.ac.uk /home/staff/dalton/public_html/vision/images vision_02.gif
2002.05.20 12:43 B C:\200102\BITMAP2000.2001\BMVA_000\BMVA_www\vision\images\algorithms_IP_00.gif --> maxx.cs.bris.ac.uk /home/staff/dalton/public_html/vision/images algorithms_IP_00.gif
2002.05.20 12:43 B C:\200102\BITMAP2000.2001\BMVA_000\BMVA_www\vision\images\digital_IP_00.gif --> maxx.cs.bris.ac.uk /home/staff/dalton/public_html/vision/images digital_IP_00.gif
2002.05.20 12:43 B C:\200102\BITMAP2000.2001\BMVA_000\BMVA_www\vision\images\WS_FTP.LOG --> maxx.cs.bris.ac.uk /home/staff/dalton/public_html/vision/images WS_FTP.LOG
2002.05.20 12:47 B C:\200102\BITMAP2000.2001\BMVA_000\BMVA_www\vision\images\applications_00.gif --> maxx.cs.bris.ac.uk /home/staff/dalton/public_html/vision/images applications_00.gif
2002.05.20 12:47 B C:\200102\BITMAP2000.2001\BMVA_000\BMVA_www\vision\images\associations_00.gif --> maxx.cs.bris.ac.uk /home/staff/dalton/public_html/vision/images associations_00.gif
2002.05.20 12:47 B C:\200102\BITMAP2000.2001\BMVA_000\BMVA_www\vision\images\books_00.gif --> maxx.cs.bris.ac.uk /home/staff/dalton/public_html/vision/images books_00.gif
2002.05.20 12:47 B C:\200102\BITMAP2000.2001\BMVA_000\BMVA_www\vision\images\career_00.gif --> maxx.cs.bris.ac.uk /home/staff/dalton/public_html/vision/images career_00.gif
2002.05.20 12:47 B C:\200102\BITMAP2000.2001\BMVA_000\BMVA_www\vision\images\postgraduate_00.gif --> maxx.cs.bris.ac.uk /home/staff/dalton/public_html/vision/images postgraduate_00.gif
2002.05.20 12:47 B C:\200102\BITMAP2000.2001\BMVA_000\BMVA_www\vision\images\vision_00.gif --> maxx.cs.bris.ac.uk /home/staff/dalton/public_html/vision/images vision_00.gif
2002.05.20 12:47 B C:\200102\BITMAP2000.2001\BMVA_000\BMVA_www\vision\images\WS_FTP.LOG --> maxx.cs.bris.ac.uk /home/staff/dalton/public_html/vision/images WS_FTP.LOG
2002.05.20 12:54 B C:\200102\BITMAP2000.2001\BMVA_000\BMVA_www\vision\images\amazon_tech.gif --> maxx.cs.bris.ac.uk /home/staff/dalton/public_html/vision/images amazon_tech.gif
